\BOOKMARK [0][-]{chapter.1}{\376\377\000B\000e\000s\000o\000i\000n\000s\000\040\000e\000t\000\040\000o\000b\000j\000e\000c\000t\000i\000f\000s}{}% 1
\BOOKMARK [1][-]{section.1.1}{\376\377\000O\000r\000i\000g\000i\000n\000e\000\040\000d\000u\000\040\000b\000e\000s\000o\000i\000n}{chapter.1}% 2
\BOOKMARK [1][-]{section.1.2}{\376\377\000P\000r\000i\000n\000c\000i\000p\000e\000\040\000d\000u\000\040\000j\000e\000u\000\040\000`\000`\000R\000e\000c\000h\000e\000r\000c\000h\000e\000\040\000d\000e\000\040\000t\000r\000\351\000s\000o\000r\000'\000'}{chapter.1}% 3
\BOOKMARK [1][-]{section.1.3}{\376\377\000P\000r\000i\000n\000c\000i\000p\000e\000\040\000d\000e\000\040\000P\000a\000c\000-\000M\000a\000n}{chapter.1}% 4
\BOOKMARK [1][-]{section.1.4}{\376\377\000P\000r\000i\000n\000c\000i\000p\000e\000\040\000d\000e\000\040\000l\040\031\000a\000p\000p\000r\000e\000n\000t\000i\000s\000s\000a\000g\000e\000\040\000p\000a\000r\000\040\000r\000e\000n\000f\000o\000r\000c\000e\000m\000e\000n\000t}{chapter.1}% 5
\BOOKMARK [1][-]{section.1.5}{\376\377\000M\000o\000y\000e\000n\000s\000\040\000e\000t\000\040\000c\000o\000n\000t\000r\000a\000i\000n\000t\000e\000s}{chapter.1}% 6
\BOOKMARK [2][-]{subsection.1.5.1}{\376\377\000M\000o\000y\000e\000n\000s\000\040\000f\000i\000n\000a\000n\000c\000i\000e\000r\000s}{section.1.5}% 7
\BOOKMARK [2][-]{subsection.1.5.2}{\376\377\000M\000o\000y\000e\000n\000s\000\040\000h\000u\000m\000a\000i\000n\000s}{section.1.5}% 8
\BOOKMARK [1][-]{section.1.6}{\376\377\000M\000o\000d\000a\000l\000i\000t\000\351\000s\000\040\000d\000e\000\040\000m\000i\000s\000e\000\040\000e\000n\000\040\000o\000e\000u\000v\000r\000e}{chapter.1}% 9
\BOOKMARK [0][-]{chapter.2}{\376\377\000A\000n\000a\000l\000y\000s\000e\000\040\000d\000e\000\040\000l\040\031\000e\000x\000i\000s\000t\000a\000n\000t\000,\000\040\000c\000o\000n\000c\000u\000r\000r\000e\000n\000c\000e\000\040\000e\000t\000\040\000p\000o\000s\000i\000t\000i\000o\000n\000n\000e\000m\000e\000n\000t}{}% 10
\BOOKMARK [1][-]{section.2.1}{\376\377\000D\000e\000s\000c\000r\000i\000p\000t\000i\000o\000n\000\040\000d\000e\000\040\000l\040\031\000e\000x\000i\000s\000t\000a\000n\000t}{chapter.2}% 11
\BOOKMARK [1][-]{section.2.2}{\376\377\000A\000n\000a\000l\000y\000s\000e\000\040\000d\000e\000\040\000l\040\031\000e\000x\000i\000s\000t\000a\000n\000t}{chapter.2}% 12
\BOOKMARK [2][-]{subsection.2.2.1}{\376\377\000M\000a\000l\000u\000u\000b\000a}{section.2.2}% 13
\BOOKMARK [2][-]{subsection.2.2.2}{\376\377\000P\000r\000o\000j\000e\000t\000s\000\040\000a\000m\000a\000t\000e\000u\000r\000s}{section.2.2}% 14
\BOOKMARK [1][-]{section.2.3}{\376\377\000P\000o\000s\000i\000t\000i\000o\000n\000n\000e\000m\000e\000n\000t\000\040\000p\000a\000r\000\040\000r\000a\000p\000p\000o\000r\000t\000\040\000\340\000\040\000l\000'\000e\000x\000i\000s\000t\000a\000n\000t}{chapter.2}% 15
\BOOKMARK [1][-]{section.2.4}{\376\377\000C\000i\000b\000l\000e\000\040\000d\000u\000\040\000p\000r\000o\000d\000u\000i\000t}{chapter.2}% 16
\BOOKMARK [0][-]{chapter.3}{\376\377\000O\000f\000f\000r\000e\000\040\000f\000o\000n\000c\000t\000i\000o\000n\000n\000e\000l\000l\000e}{}% 17
\BOOKMARK [1][-]{section.3.1}{\376\377\000F\000o\000n\000c\000t\000i\000o\000n\000s\000\040\000p\000r\000i\000n\000c\000i\000p\000a\000l\000e\000s}{chapter.3}% 18
\BOOKMARK [1][-]{section.3.2}{\376\377\000F\000o\000n\000c\000t\000i\000o\000n\000s\000\040\000o\000p\000t\000i\000o\000n\000n\000e\000l\000l\000e\000s}{chapter.3}% 19
\BOOKMARK [1][-]{section.3.3}{\376\377\000D\000e\000s\000c\000r\000i\000p\000t\000i\000o\000n\000\040\000f\000o\000n\000c\000t\000i\000o\000n\000n\000e\000l\000l\000e}{chapter.3}% 20
\BOOKMARK [0][-]{chapter.4}{\376\377\000M\000a\000q\000u\000e\000t\000t\000e\000\040\000e\000t\000\040\000c\000h\000a\000r\000t\000e\000\040\000g\000r\000a\000p\000h\000i\000q\000u\000e}{}% 21
\BOOKMARK [0][-]{chapter.5}{\376\377\000A\000n\000a\000l\000y\000s\000e\000\040\000d\000u\000\040\000p\000r\000o\000j\000e\000t}{}% 22
\BOOKMARK [1][-]{section.5.1}{\376\377\000C\000o\000n\000t\000r\000a\000i\000n\000t\000e\000s}{chapter.5}% 23
\BOOKMARK [1][-]{section.5.2}{\376\377\000A\000n\000a\000l\000y\000s\000e\000\040\000e\000t\000\040\000c\000h\000o\000i\000x\000\040\000d\000e\000\040\000s\000o\000l\000u\000t\000i\000o\000n\000s}{chapter.5}% 24
\BOOKMARK [2][-]{subsection.5.2.1}{\376\377\000C\000h\000o\000i\000x\000\040\000d\000u\000\040\000l\000a\000n\000g\000a\000g\000e}{section.5.2}% 25
\BOOKMARK [2][-]{subsection.5.2.2}{\376\377\000E\000n\000v\000i\000r\000o\000n\000n\000e\000m\000e\000n\000t\000\040\000P\000a\000c\000-\000M\000a\000n}{section.5.2}% 26
\BOOKMARK [2][-]{subsection.5.2.3}{\376\377\000E\000n\000v\000i\000r\000o\000n\000n\000e\000m\000e\000n\000t\000\040\000d\000e\000\040\000`\000`\000R\000e\000c\000h\000e\000r\000c\000h\000e\000\040\000d\000e\000\040\000t\000r\000\351\000s\000o\000r\000'\000'}{section.5.2}% 27
\BOOKMARK [2][-]{subsection.5.2.4}{\376\377\000L\000i\000b\000r\000a\000i\000r\000i\000e\000\040\000d\000e\000\040\000Q\000-\000L\000e\000a\000r\000n\000i\000n\000g}{section.5.2}% 28
\BOOKMARK [2][-]{subsection.5.2.5}{\376\377\000L\000i\000b\000r\000a\000i\000r\000i\000e\000\040\000d\000e\000\040\000m\000a\000c\000h\000i\000n\000e\000\040\000l\000e\000a\000r\000n\000i\000n\000g}{section.5.2}% 29
\BOOKMARK [2][-]{subsection.5.2.6}{\376\377\000I\000n\000t\000e\000r\000f\000a\000c\000e\000\040\000g\000r\000a\000p\000h\000i\000q\000u\000e}{section.5.2}% 30
\BOOKMARK [0][-]{chapter.6}{\376\377\000P\000r\000i\000n\000c\000i\000p\000e\000s\000\040\000d\000e\000s\000\040\000a\000l\000g\000o\000r\000i\000t\000h\000m\000e\000s\000\040\000u\000t\000i\000l\000i\000s\000\351\000s}{}% 31
\BOOKMARK [1][-]{section.6.1}{\376\377\000A\000p\000p\000r\000e\000n\000t\000i\000s\000s\000a\000g\000e\000\040\000p\000a\000r\000\040\000r\000e\000n\000f\000o\000r\000c\000e\000m\000e\000n\000t}{chapter.6}% 32
\BOOKMARK [1][-]{section.6.2}{\376\377\000Q\000-\000L\000e\000a\000r\000n\000i\000n\000g}{chapter.6}% 33
\BOOKMARK [2][-]{subsection.6.2.1}{\376\377\000P\000r\000i\000n\000c\000i\000p\000e}{section.6.2}% 34
\BOOKMARK [2][-]{subsection.6.2.2}{\376\377\000A\000p\000p\000r\000e\000n\000t\000i\000s\000s\000a\000g\000e}{section.6.2}% 35
\BOOKMARK [2][-]{subsection.6.2.3}{\376\377\000L\000i\000m\000i\000t\000e\000s}{section.6.2}% 36
\BOOKMARK [1][-]{section.6.3}{\376\377\000A\000p\000p\000r\000e\000n\000t\000i\000s\000s\000a\000g\000e\000\040\000p\000r\000o\000f\000o\000n\000d\000\040\000\050\000D\000e\000e\000p\000\040\000L\000e\000a\000r\000n\000i\000n\000g\000\051}{chapter.6}% 37
\BOOKMARK [2][-]{subsection.6.3.1}{\376\377\000M\000o\000t\000i\000v\000a\000t\000i\000o\000n\000s}{section.6.3}% 38
\BOOKMARK [2][-]{subsection.6.3.2}{\376\377\000R\000\351\000s\000e\000a\000u\000\040\000d\000e\000\040\000n\000e\000u\000r\000o\000n\000e\000s\000\040\000a\000r\000t\000i\000f\000i\000c\000i\000e\000l\000s}{section.6.3}% 39
\BOOKMARK [2][-]{subsection.6.3.3}{\376\377\000A\000p\000p\000r\000e\000n\000t\000i\000s\000s\000a\000g\000e\000\040\000d\000'\000u\000n\000\040\000r\000\351\000s\000e\000a\000u\000\040\000d\000e\000\040\000n\000e\000u\000r\000o\000n\000e\000s}{section.6.3}% 40
\BOOKMARK [2][-]{subsection.6.3.4}{\376\377\000P\000r\000o\000b\000l\000\350\000m\000e\000s\000\040\000d\000'\000a\000p\000p\000r\000e\000n\000t\000i\000s\000s\000a\000g\000e}{section.6.3}% 41
\BOOKMARK [1][-]{section.6.4}{\376\377\000D\000e\000e\000p\000\040\000Q\000-\000L\000e\000a\000r\000n\000i\000n\000g\000\040\000\050\000D\000Q\000N\000\051}{chapter.6}% 42
\BOOKMARK [2][-]{subsection.6.4.1}{\376\377\000P\000r\000i\000n\000c\000i\000p\000e}{section.6.4}% 43
\BOOKMARK [2][-]{subsection.6.4.2}{\376\377\000F\000o\000n\000c\000t\000i\000o\000n\000n\000e\000m\000e\000n\000t}{section.6.4}% 44
\BOOKMARK [2][-]{subsection.6.4.3}{\376\377\000E\000x\000p\000e\000r\000i\000e\000n\000c\000e\000\040\000R\000e\000p\000l\000a\000y}{section.6.4}% 45
\BOOKMARK [2][-]{subsection.6.4.4}{\376\377\000S\000t\000a\000n\000d\000a\000r\000d\000i\000s\000a\000t\000i\000o\000n\000\040\000d\000e\000s\000\040\000e\000n\000t\000r\000\351\000e\000s}{section.6.4}% 46
\BOOKMARK [2][-]{subsection.6.4.5}{\376\377\000D\000r\000o\000p\000o\000u\000t}{section.6.4}% 47
\BOOKMARK [0][-]{chapter.7}{\376\377\000C\000o\000n\000c\000e\000p\000t\000i\000o\000n}{}% 48
\BOOKMARK [1][-]{section.7.1}{\376\377\000P\000l\000a\000n\000i\000f\000i\000c\000a\000t\000i\000o\000n}{chapter.7}% 49
\BOOKMARK [1][-]{section.7.2}{\376\377\000R\000\351\000a\000l\000i\000s\000a\000t\000i\000o\000n\000\040\000d\000e\000\040\000l\000a\000\040\000p\000r\000e\000m\000i\000\350\000r\000e\000\040\000p\000a\000r\000t\000i\000e}{chapter.7}% 50
\BOOKMARK [2][-]{subsection.7.2.1}{\376\377\000R\000\351\000s\000u\000m\000\351\000\040\000d\000u\000\040\000d\000\351\000r\000o\000u\000l\000e\000m\000e\000n\000t}{section.7.2}% 51
\BOOKMARK [2][-]{subsection.7.2.2}{\376\377\000D\000\351\000t\000a\000i\000l\000s\000\040\000d\000e\000\040\000l\000a\000\040\000p\000h\000a\000s\000e\000\040\000d\000'\000i\000m\000p\000l\000\351\000m\000e\000n\000t\000a\000t\000i\000o\000n}{section.7.2}% 52
\BOOKMARK [1][-]{section.7.3}{\376\377\000R\000\351\000a\000l\000i\000s\000a\000t\000i\000o\000n\000\040\000d\000e\000\040\000l\000a\000\040\000s\000e\000c\000o\000n\000d\000e\000\040\000p\000a\000r\000t\000i\000e}{chapter.7}% 53
\BOOKMARK [2][-]{subsection.7.3.1}{\376\377\000C\000h\000o\000i\000x\000\040\000d\000e\000\040\000l\000'\000e\000n\000v\000i\000r\000o\000n\000n\000e\000m\000e\000n\000t}{section.7.3}% 54
\BOOKMARK [2][-]{subsection.7.3.2}{\376\377\000P\000r\000\351\000m\000i\000c\000e\000s\000\040\000d\000e\000\040\000l\000a\000\040\000c\000r\000\351\000a\000t\000i\000o\000n\000\040\000d\000e\000\040\000l\000'\000a\000g\000e\000n\000t\000\040\000D\000Q\000N}{section.7.3}% 55
\BOOKMARK [2][-]{subsection.7.3.3}{\376\377\000I\000m\000p\000l\000\351\000m\000e\000n\000t\000a\000t\000i\000o\000n\000\040\000e\000t\000\040\000p\000r\000e\000m\000i\000e\000r\000s\000\040\000t\000e\000s\000t\000s}{section.7.3}% 56
\BOOKMARK [2][-]{subsection.7.3.4}{\376\377\000P\000r\000e\000m\000i\000\350\000r\000e\000\040\000a\000p\000p\000l\000i\000c\000a\000t\000i\000o\000n\000\040\000\340\000\040\000P\000a\000c\000-\000M\000a\000n}{section.7.3}% 57
\BOOKMARK [2][-]{subsection.7.3.5}{\376\377\000A\000p\000p\000l\000i\000c\000a\000t\000i\000o\000n\000\040\000\340\000\040\000C\000a\000r\000t\000p\000o\000l\000e}{section.7.3}% 58
\BOOKMARK [2][-]{subsection.7.3.6}{\376\377\000A\000p\000p\000l\000i\000c\000a\000t\000i\000o\000n\000\040\000\340\000\040\000B\000r\000e\000a\000k\000o\000u\000t}{section.7.3}% 59
\BOOKMARK [2][-]{subsection.7.3.7}{\376\377\000A\000p\000p\000l\000i\000c\000a\000t\000i\000o\000n\000\040\000\340\000\040\000P\000a\000c\000-\000M\000a\000n}{section.7.3}% 60
\BOOKMARK [0][-]{chapter.8}{\376\377\000E\000x\000p\000l\000i\000c\000a\000t\000i\000o\000n\000s\000\040\000d\000u\000\040\000c\000o\000d\000e}{}% 61
\BOOKMARK [1][-]{section.8.1}{\376\377\000D\000\351\000p\000e\000n\000d\000a\000n\000c\000e\000s\000\040\000e\000t\000\040\000f\000o\000n\000c\000t\000i\000o\000n\000n\000e\000m\000e\000n\000t\000s\000\040\000d\000e\000s\000\040\000l\000i\000b\000r\000a\000i\000r\000i\000e\000s\000\040\000e\000x\000t\000e\000r\000n\000e\000s}{chapter.8}% 62
\BOOKMARK [2][-]{subsection.8.1.1}{\376\377\000O\000p\000e\000n\000A\000I\000\040\000G\000y\000m}{section.8.1}% 63
\BOOKMARK [2][-]{subsection.8.1.2}{\376\377\000K\000e\000r\000a\000s}{section.8.1}% 64
\BOOKMARK [2][-]{subsection.8.1.3}{\376\377\000N\000u\000m\000P\000y}{section.8.1}% 65
\BOOKMARK [1][-]{section.8.2}{\376\377\000S\000t\000r\000u\000c\000t\000u\000r\000e\000\040\000d\000u\000\040\000p\000r\000o\000j\000e\000t}{chapter.8}% 66
\BOOKMARK [2][-]{subsection.8.2.1}{\376\377\000D\000o\000s\000s\000i\000e\000r\000\040\000`\000`\000a\000g\000e\000n\000t\000s\000'\000'}{section.8.2}% 67
\BOOKMARK [2][-]{subsection.8.2.2}{\376\377\000D\000o\000s\000s\000i\000e\000r\000\040\000`\000`\000e\000n\000v\000s\000'\000'}{section.8.2}% 68
\BOOKMARK [2][-]{subsection.8.2.3}{\376\377\000D\000o\000s\000s\000i\000e\000r\000\040\000`\000`\000m\000i\000s\000c\000'\000'}{section.8.2}% 69
\BOOKMARK [2][-]{subsection.8.2.4}{\376\377\000D\000o\000s\000s\000i\000e\000r\000\040\000`\000`\000s\000a\000v\000e\000s\000'\000'}{section.8.2}% 70
\BOOKMARK [1][-]{section.8.3}{\376\377\000F\000o\000n\000c\000t\000i\000o\000n\000n\000e\000m\000e\000n\000t\000\040\000d\000u\000\040\000p\000r\000o\000j\000e\000t}{chapter.8}% 71
\BOOKMARK [2][-]{subsection.8.3.1}{\376\377\000S\000c\000r\000i\000p\000t\000\040\000p\000r\000i\000n\000c\000i\000p\000a\000l}{section.8.3}% 72
\BOOKMARK [0][-]{chapter.9}{\376\377\000T\000e\000s\000t\000s}{}% 73
\BOOKMARK [1][-]{section.9.1}{\376\377\000T\000e\000s\000t\000s\000\040\000d\000u\000\040\000D\000e\000e\000p\000\040\000Q\000-\000L\000e\000a\000r\000n\000i\000n\000g}{chapter.9}% 74
\BOOKMARK [1][-]{section.9.2}{\376\377\000T\000e\000s\000t\000s\000\040\000d\000u\000\040\000Q\000-\000L\000e\000a\000r\000n\000i\000n\000g}{chapter.9}% 75
\BOOKMARK [1][-]{section.9.3}{\376\377\000U\000t\000i\000l\000i\000s\000e\000r\000\040\000l\000e\000s\000\040\000f\000i\000c\000h\000i\000e\000r\000s\000\040\000d\000a\000n\000s\000\040\000l\000e\000\040\000l\000o\000g\000i\000c\000i\000e\000l}{chapter.9}% 76
\BOOKMARK [0][-]{chapter.10}{\376\377\000B\000i\000l\000a\000n}{}% 77
\BOOKMARK [1][-]{section.10.1}{\376\377\000\311\000c\000a\000r\000t\000s\000\040\000a\000v\000e\000c\000\040\000l\000e\000\040\000c\000a\000h\000i\000e\000r\000\040\000d\000e\000s\000\040\000c\000h\000a\000r\000g\000e\000s}{chapter.10}% 78
\BOOKMARK [2][-]{subsection.10.1.1}{\376\377\000F\000o\000n\000c\000t\000i\000o\000n\000n\000a\000l\000i\000t\000\351\000s}{section.10.1}% 79
\BOOKMARK [2][-]{subsection.10.1.2}{\376\377\000P\000l\000a\000n\000i\000f\000i\000c\000a\000t\000i\000o\000n}{section.10.1}% 80
\BOOKMARK [1][-]{section.10.2}{\376\377\000G\000e\000s\000t\000i\000o\000n\000\040\000d\000e\000\040\000p\000r\000o\000j\000e\000t}{chapter.10}% 81
\BOOKMARK [1][-]{section.10.3}{\376\377\000C\000o\000n\000n\000a\000i\000s\000s\000a\000n\000c\000e\000s}{chapter.10}% 82
